Determining if the pthread_create exist failed with the following output:
Change Dir: /home/am/ros_project/build/CMakeFiles/CMakeTmp

Run Build Command:"/usr/bin/make" "cmTC_3010a/fast"
/usr/bin/make -f CMakeFiles/cmTC_3010a.dir/build.make CMakeFiles/cmTC_3010a.dir/build
make[1]: Entering directory '/home/am/ros_project/build/CMakeFiles/CMakeTmp'
Building C object CMakeFiles/cmTC_3010a.dir/CheckSymbolExists.c.o
/usr/bin/cc    -o CMakeFiles/cmTC_3010a.dir/CheckSymbolExists.c.o   -c /home/am/ros_project/build/CMakeFiles/CMakeTmp/CheckSymbolExists.c
Linking C executable cmTC_3010a
/usr/bin/cmake -E cmake_link_script CMakeFiles/cmTC_3010a.dir/link.txt --verbose=1
/usr/bin/cc      -rdynamic CMakeFiles/cmTC_3010a.dir/CheckSymbolExists.c.o  -o cmTC_3010a 
CMakeFiles/cmTC_3010a.dir/CheckSymbolExists.c.o: In function `main':
CheckSymbolExists.c:(.text+0x1b): undefined reference to `pthread_create'
collect2: error: ld returned 1 exit status
CMakeFiles/cmTC_3010a.dir/build.make:97: recipe for target 'cmTC_3010a' failed
make[1]: *** [cmTC_3010a] Error 1
make[1]: Leaving directory '/home/am/ros_project/build/CMakeFiles/CMakeTmp'
Makefile:126: recipe for target 'cmTC_3010a/fast' failed
make: *** [cmTC_3010a/fast] Error 2

File /home/am/ros_project/build/CMakeFiles/CMakeTmp/CheckSymbolExists.c:
/* */
#include <pthread.h>

int main(int argc, char** argv)
{
  (void)argv;
#ifndef pthread_create
  return ((int*)(&pthread_create))[argc];
#else
  (void)argc;
  return 0;
#endif
}

Determining if the function pthread_create exists in the pthreads failed with the following output:
Change Dir: /home/am/ros_project/build/CMakeFiles/CMakeTmp

Run Build Command:"/usr/bin/make" "cmTC_a49a0/fast"
/usr/bin/make -f CMakeFiles/cmTC_a49a0.dir/build.make CMakeFiles/cmTC_a49a0.dir/build
make[1]: Entering directory '/home/am/ros_project/build/CMakeFiles/CMakeTmp'
Building C object CMakeFiles/cmTC_a49a0.dir/CheckFunctionExists.c.o
/usr/bin/cc   -DCHECK_FUNCTION_EXISTS=pthread_create   -o CMakeFiles/cmTC_a49a0.dir/CheckFunctionExists.c.o   -c /usr/share/cmake-3.10/Modules/CheckFunctionExists.c
Linking C executable cmTC_a49a0
/usr/bin/cmake -E cmake_link_script CMakeFiles/cmTC_a49a0.dir/link.txt --verbose=1
/usr/bin/cc  -DCHECK_FUNCTION_EXISTS=pthread_create    -rdynamic CMakeFiles/cmTC_a49a0.dir/CheckFunctionExists.c.o  -o cmTC_a49a0 -lpthreads 
/usr/bin/ld: cannot find -lpthreads
collect2: error: ld returned 1 exit status
CMakeFiles/cmTC_a49a0.dir/build.make:97: recipe for target 'cmTC_a49a0' failed
make[1]: *** [cmTC_a49a0] Error 1
make[1]: Leaving directory '/home/am/ros_project/build/CMakeFiles/CMakeTmp'
Makefile:126: recipe for target 'cmTC_a49a0/fast' failed
make: *** [cmTC_a49a0/fast] Error 2


